[ 2019-03-13T09:49:01+08:00 ] 127.0.0.1 /
INFO: [ app_init ] --START--
INFO: Run Behavior\BuildLiteBehavior [ RunTime:0.000062s ]
INFO: [ app_init ] --END-- [ RunTime:0.010197s ]
INFO: [ app_begin ] --START--
INFO: Run Behavior\ReadHtmlCacheBehavior [ RunTime:0.013428s ]
INFO: [ app_begin ] --END-- [ RunTime:0.013750s ]
INFO: [ app_end ] --START--
INFO: Run Behavior\ShowPageTraceBehavior [ RunTime:0.013951s ]
INFO: [ app_end ] --END-- [ RunTime:0.014210s ]

[ 2019-03-13T09:49:01+08:00 ] 127.0.0.1 /robots.txt
INFO: [ app_init ] --START--
INFO: Run Behavior\BuildLiteBehavior [ RunTime:0.000096s ]
INFO: [ app_init ] --END-- [ RunTime:0.000585s ]
INFO: [ app_begin ] --START--
INFO: Run Behavior\ReadHtmlCacheBehavior [ RunTime:0.000203s ]
INFO: [ app_begin ] --END-- [ RunTime:0.000474s ]
ERR: 无法加载控制器:Robots.txt

[ 2019-03-13T09:49:03+08:00 ] 127.0.0.1 /favicon.ico
INFO: [ app_init ] --START--
INFO: Run Behavior\BuildLiteBehavior [ RunTime:0.000020s ]
INFO: [ app_init ] --END-- [ RunTime:0.000120s ]

[ 2019-03-13T16:38:58+08:00 ] 127.0.0.1 /api/getBanner
INFO: [ app_init ] --START--
INFO: Run Behavior\BuildLiteBehavior [ RunTime:0.000051s ]
INFO: [ app_init ] --END-- [ RunTime:0.000338s ]
INFO: [ app_begin ] --START--
INFO: Run Behavior\ReadHtmlCacheBehavior [ RunTime:0.000110s ]
INFO: [ app_begin ] --END-- [ RunTime:0.000321s ]
ERR: 1146:Table 'books.icpnt_news' doesn't exist
 [ SQL语句 ] : SHOW COLUMNS FROM `icpnt_news`
ERR: 1146:Table 'books.icpnt_news' doesn't exist
 [ SQL语句 ] : SHOW COLUMNS FROM `icpnt_news`

[ 2019-03-13T16:39:40+08:00 ] 127.0.0.1 /api/getBanner
INFO: [ app_init ] --START--
INFO: Run Behavior\BuildLiteBehavior [ RunTime:0.000052s ]
INFO: [ app_init ] --END-- [ RunTime:0.000299s ]
INFO: [ app_begin ] --START--
INFO: Run Behavior\ReadHtmlCacheBehavior [ RunTime:0.000093s ]
INFO: [ app_begin ] --END-- [ RunTime:0.000274s ]
SQL: SHOW COLUMNS FROM `icpnt_banner` [ RunTime:0.0007s ]
SQL: SELECT * FROM `icpnt_banner`  [ RunTime:0.0003s ]

[ 2019-03-13T16:40:08+08:00 ] 127.0.0.1 /api/getBanner
INFO: [ app_init ] --START--
INFO: Run Behavior\BuildLiteBehavior [ RunTime:0.000053s ]
INFO: [ app_init ] --END-- [ RunTime:0.000383s ]
INFO: [ app_begin ] --START--
INFO: Run Behavior\ReadHtmlCacheBehavior [ RunTime:0.000128s ]
INFO: [ app_begin ] --END-- [ RunTime:0.000360s ]
SQL: SHOW COLUMNS FROM `icpnt_banner` [ RunTime:0.0010s ]
SQL: SELECT `id`,`banner_img`,`banner_title` FROM `icpnt_banner`  [ RunTime:0.0005s ]

[ 2019-03-13T16:40:09+08:00 ] 127.0.0.1 /api/getBanner
INFO: [ app_init ] --START--
INFO: Run Behavior\BuildLiteBehavior [ RunTime:0.000029s ]
INFO: [ app_init ] --END-- [ RunTime:0.000180s ]
INFO: [ app_begin ] --START--
INFO: Run Behavior\ReadHtmlCacheBehavior [ RunTime:0.000051s ]
INFO: [ app_begin ] --END-- [ RunTime:0.000162s ]
SQL: SHOW COLUMNS FROM `icpnt_banner` [ RunTime:0.0004s ]
SQL: SELECT `id`,`banner_img`,`banner_title` FROM `icpnt_banner`  [ RunTime:0.0002s ]

[ 2019-03-13T16:40:10+08:00 ] 127.0.0.1 /api/getBanner
INFO: [ app_init ] --START--
INFO: Run Behavior\BuildLiteBehavior [ RunTime:0.000035s ]
INFO: [ app_init ] --END-- [ RunTime:0.000263s ]
INFO: [ app_begin ] --START--
INFO: Run Behavior\ReadHtmlCacheBehavior [ RunTime:0.000114s ]
INFO: [ app_begin ] --END-- [ RunTime:0.000341s ]
SQL: SHOW COLUMNS FROM `icpnt_banner` [ RunTime:0.0008s ]
SQL: SELECT `id`,`banner_img`,`banner_title` FROM `icpnt_banner`  [ RunTime:0.0004s ]

[ 2019-03-13T16:58:30+08:00 ] 127.0.0.1 /api/getBanner
INFO: [ app_init ] --START--
INFO: Run Behavior\BuildLiteBehavior [ RunTime:0.000051s ]
INFO: [ app_init ] --END-- [ RunTime:0.000335s ]
INFO: [ app_begin ] --START--
INFO: Run Behavior\ReadHtmlCacheBehavior [ RunTime:0.000108s ]
INFO: [ app_begin ] --END-- [ RunTime:0.000317s ]
SQL: SHOW COLUMNS FROM `icpnt_banner` [ RunTime:0.0009s ]
SQL: SELECT `id`,`banner_img`,`banner_title` FROM `icpnt_banner`  [ RunTime:0.0005s ]

[ 2019-03-13T16:58:31+08:00 ] 127.0.0.1 /api/getBanner
INFO: [ app_init ] --START--
INFO: Run Behavior\BuildLiteBehavior [ RunTime:0.000051s ]
INFO: [ app_init ] --END-- [ RunTime:0.000313s ]
INFO: [ app_begin ] --START--
INFO: Run Behavior\ReadHtmlCacheBehavior [ RunTime:0.000092s ]
INFO: [ app_begin ] --END-- [ RunTime:0.000286s ]
SQL: SHOW COLUMNS FROM `icpnt_banner` [ RunTime:0.0010s ]
SQL: SELECT `id`,`banner_img`,`banner_title` FROM `icpnt_banner`  [ RunTime:0.0005s ]

[ 2019-03-13T16:58:32+08:00 ] 127.0.0.1 /api/getBanner
INFO: [ app_init ] --START--
INFO: Run Behavior\BuildLiteBehavior [ RunTime:0.000033s ]
INFO: [ app_init ] --END-- [ RunTime:0.000206s ]
INFO: [ app_begin ] --START--
INFO: Run Behavior\ReadHtmlCacheBehavior [ RunTime:0.000077s ]
INFO: [ app_begin ] --END-- [ RunTime:0.000238s ]
SQL: SHOW COLUMNS FROM `icpnt_banner` [ RunTime:0.0007s ]
SQL: SELECT `id`,`banner_img`,`banner_title` FROM `icpnt_banner`  [ RunTime:0.0005s ]

[ 2019-03-13T16:58:32+08:00 ] 127.0.0.1 /api/getBanner
INFO: [ app_init ] --START--
INFO: Run Behavior\BuildLiteBehavior [ RunTime:0.000019s ]
INFO: [ app_init ] --END-- [ RunTime:0.000115s ]
INFO: [ app_begin ] --START--
INFO: Run Behavior\ReadHtmlCacheBehavior [ RunTime:0.000034s ]
INFO: [ app_begin ] --END-- [ RunTime:0.000103s ]
SQL: SHOW COLUMNS FROM `icpnt_banner` [ RunTime:0.0004s ]
SQL: SELECT `id`,`banner_img`,`banner_title` FROM `icpnt_banner`  [ RunTime:0.0002s ]

[ 2019-03-13T16:58:35+08:00 ] 127.0.0.1 /api/getBanner
INFO: [ app_init ] --START--
INFO: Run Behavior\BuildLiteBehavior [ RunTime:0.000051s ]
INFO: [ app_init ] --END-- [ RunTime:0.000323s ]
INFO: [ app_begin ] --START--
INFO: Run Behavior\ReadHtmlCacheBehavior [ RunTime:0.000117s ]
INFO: [ app_begin ] --END-- [ RunTime:0.000327s ]
SQL: SHOW COLUMNS FROM `icpnt_banner` [ RunTime:0.0009s ]
SQL: SELECT `id`,`banner_img`,`banner_title` FROM `icpnt_banner`  [ RunTime:0.0005s ]

[ 2019-03-13T16:58:36+08:00 ] 127.0.0.1 /api/getBanner
INFO: [ app_init ] --START--
INFO: Run Behavior\BuildLiteBehavior [ RunTime:0.000057s ]
INFO: [ app_init ] --END-- [ RunTime:0.000370s ]
INFO: [ app_begin ] --START--
INFO: Run Behavior\ReadHtmlCacheBehavior [ RunTime:0.000125s ]
INFO: [ app_begin ] --END-- [ RunTime:0.000345s ]
SQL: SHOW COLUMNS FROM `icpnt_banner` [ RunTime:0.0010s ]
SQL: SELECT `id`,`banner_img`,`banner_title` FROM `icpnt_banner`  [ RunTime:0.0006s ]

[ 2019-03-13T16:58:36+08:00 ] 127.0.0.1 /api/getBanner
INFO: [ app_init ] --START--
INFO: Run Behavior\BuildLiteBehavior [ RunTime:0.000018s ]
INFO: [ app_init ] --END-- [ RunTime:0.000126s ]
INFO: [ app_begin ] --START--
INFO: Run Behavior\ReadHtmlCacheBehavior [ RunTime:0.000037s ]
INFO: [ app_begin ] --END-- [ RunTime:0.000102s ]
SQL: SHOW COLUMNS FROM `icpnt_banner` [ RunTime:0.0003s ]
SQL: SELECT `id`,`banner_img`,`banner_title` FROM `icpnt_banner`  [ RunTime:0.0002s ]

[ 2019-03-13T16:58:37+08:00 ] 127.0.0.1 /api/getBanner
INFO: [ app_init ] --START--
INFO: Run Behavior\BuildLiteBehavior [ RunTime:0.000026s ]
INFO: [ app_init ] --END-- [ RunTime:0.000162s ]
INFO: [ app_begin ] --START--
INFO: Run Behavior\ReadHtmlCacheBehavior [ RunTime:0.000055s ]
INFO: [ app_begin ] --END-- [ RunTime:0.000153s ]
SQL: SHOW COLUMNS FROM `icpnt_banner` [ RunTime:0.0007s ]
SQL: SELECT `id`,`banner_img`,`banner_title` FROM `icpnt_banner`  [ RunTime:0.0003s ]

[ 2019-03-13T16:58:37+08:00 ] 127.0.0.1 /api/getBanner
INFO: [ app_init ] --START--
INFO: Run Behavior\BuildLiteBehavior [ RunTime:0.000057s ]
INFO: [ app_init ] --END-- [ RunTime:0.000361s ]
INFO: [ app_begin ] --START--
INFO: Run Behavior\ReadHtmlCacheBehavior [ RunTime:0.000121s ]
INFO: [ app_begin ] --END-- [ RunTime:0.000360s ]
SQL: SHOW COLUMNS FROM `icpnt_banner` [ RunTime:0.0010s ]
SQL: SELECT `id`,`banner_img`,`banner_title` FROM `icpnt_banner`  [ RunTime:0.0006s ]

[ 2019-03-13T16:58:38+08:00 ] 127.0.0.1 /api/getBanner
INFO: [ app_init ] --START--
INFO: Run Behavior\BuildLiteBehavior [ RunTime:0.000026s ]
INFO: [ app_init ] --END-- [ RunTime:0.000166s ]
INFO: [ app_begin ] --START--
INFO: Run Behavior\ReadHtmlCacheBehavior [ RunTime:0.000058s ]
INFO: [ app_begin ] --END-- [ RunTime:0.000161s ]
SQL: SHOW COLUMNS FROM `icpnt_banner` [ RunTime:0.0003s ]
SQL: SELECT `id`,`banner_img`,`banner_title` FROM `icpnt_banner`  [ RunTime:0.0002s ]

[ 2019-03-13T16:58:38+08:00 ] 127.0.0.1 /api/getBanner
INFO: [ app_init ] --START--
INFO: Run Behavior\BuildLiteBehavior [ RunTime:0.000056s ]
INFO: [ app_init ] --END-- [ RunTime:0.000355s ]
INFO: [ app_begin ] --START--
INFO: Run Behavior\ReadHtmlCacheBehavior [ RunTime:0.000191s ]
INFO: [ app_begin ] --END-- [ RunTime:0.000416s ]
SQL: SHOW COLUMNS FROM `icpnt_banner` [ RunTime:0.0010s ]
SQL: SELECT `id`,`banner_img`,`banner_title` FROM `icpnt_banner`  [ RunTime:0.0005s ]

[ 2019-03-13T16:58:39+08:00 ] 127.0.0.1 /api/getBanner
INFO: [ app_init ] --START--
INFO: Run Behavior\BuildLiteBehavior [ RunTime:0.000053s ]
INFO: [ app_init ] --END-- [ RunTime:0.000316s ]
INFO: [ app_begin ] --START--
INFO: Run Behavior\ReadHtmlCacheBehavior [ RunTime:0.000117s ]
INFO: [ app_begin ] --END-- [ RunTime:0.000378s ]
SQL: SHOW COLUMNS FROM `icpnt_banner` [ RunTime:0.0010s ]
SQL: SELECT `id`,`banner_img`,`banner_title` FROM `icpnt_banner`  [ RunTime:0.0005s ]

[ 2019-03-13T16:58:39+08:00 ] 127.0.0.1 /api/getBanner
INFO: [ app_init ] --START--
INFO: Run Behavior\BuildLiteBehavior [ RunTime:0.000024s ]
INFO: [ app_init ] --END-- [ RunTime:0.000124s ]
INFO: [ app_begin ] --START--
INFO: Run Behavior\ReadHtmlCacheBehavior [ RunTime:0.000039s ]
INFO: [ app_begin ] --END-- [ RunTime:0.000103s ]
SQL: SHOW COLUMNS FROM `icpnt_banner` [ RunTime:0.0004s ]
SQL: SELECT `id`,`banner_img`,`banner_title` FROM `icpnt_banner`  [ RunTime:0.0002s ]

[ 2019-03-13T16:58:40+08:00 ] 127.0.0.1 /api/getBanner
INFO: [ app_init ] --START--
INFO: Run Behavior\BuildLiteBehavior [ RunTime:0.000057s ]
INFO: [ app_init ] --END-- [ RunTime:0.000353s ]
INFO: [ app_begin ] --START--
INFO: Run Behavior\ReadHtmlCacheBehavior [ RunTime:0.000121s ]
INFO: [ app_begin ] --END-- [ RunTime:0.000342s ]
SQL: SHOW COLUMNS FROM `icpnt_banner` [ RunTime:0.0009s ]
SQL: SELECT `id`,`banner_img`,`banner_title` FROM `icpnt_banner`  [ RunTime:0.0005s ]

[ 2019-03-13T16:58:40+08:00 ] 127.0.0.1 /api/getBanner
INFO: [ app_init ] --START--
INFO: Run Behavior\BuildLiteBehavior [ RunTime:0.000056s ]
INFO: [ app_init ] --END-- [ RunTime:0.000355s ]
INFO: [ app_begin ] --START--
INFO: Run Behavior\ReadHtmlCacheBehavior [ RunTime:0.000191s ]
INFO: [ app_begin ] --END-- [ RunTime:0.000412s ]
SQL: SHOW COLUMNS FROM `icpnt_banner` [ RunTime:0.0012s ]
SQL: SELECT `id`,`banner_img`,`banner_title` FROM `icpnt_banner`  [ RunTime:0.0005s ]

[ 2019-03-13T17:01:51+08:00 ] 127.0.0.1 /api/Scategory/getListenScategory
INFO: [ app_init ] --START--
INFO: Run Behavior\BuildLiteBehavior [ RunTime:0.000018s ]
INFO: [ app_init ] --END-- [ RunTime:0.000123s ]
INFO: [ app_begin ] --START--
INFO: Run Behavior\ReadHtmlCacheBehavior [ RunTime:0.000043s ]
INFO: [ app_begin ] --END-- [ RunTime:0.000112s ]
SQL: SHOW COLUMNS FROM `icpnt_scategory` [ RunTime:0.0011s ]
SQL: SELECT * FROM `icpnt_scategory` WHERE `scategory_type` = 0  [ RunTime:0.0005s ]

[ 2019-03-13T17:02:19+08:00 ] 127.0.0.1 /api/Scategory/getListenScategory
INFO: [ app_init ] --START--
INFO: Run Behavior\BuildLiteBehavior [ RunTime:0.000018s ]
INFO: [ app_init ] --END-- [ RunTime:0.000121s ]
INFO: [ app_begin ] --START--
INFO: Run Behavior\ReadHtmlCacheBehavior [ RunTime:0.000042s ]
INFO: [ app_begin ] --END-- [ RunTime:0.000110s ]
SQL: SHOW COLUMNS FROM `icpnt_scategory` [ RunTime:0.0003s ]
SQL: SELECT `id`,`scategory_name` FROM `icpnt_scategory` WHERE `scategory_type` = 0  [ RunTime:0.0003s ]

[ 2019-03-13T17:27:40+08:00 ] 127.0.0.1 /api/Salbum/getPageSalbum
INFO: [ app_init ] --START--
INFO: Run Behavior\BuildLiteBehavior [ RunTime:0.000059s ]
INFO: [ app_init ] --END-- [ RunTime:0.000386s ]
INFO: [ app_begin ] --START--
INFO: Run Behavior\ReadHtmlCacheBehavior [ RunTime:0.000141s ]
INFO: [ app_begin ] --END-- [ RunTime:0.000374s ]
SQL: SHOW COLUMNS FROM `icpnt_salbum` [ RunTime:0.0010s ]
SQL: SELECT * FROM `icpnt_salbum`  [ RunTime:0.0005s ]
NOTIC: [8192] Non-static method Think\Model::where() should not be called statically /var/www/html/books/Application/Api/Model/SalbumModel.class.php 第 37 行.
ERR: Using $this when not in object context

[ 2019-03-13T17:28:46+08:00 ] 127.0.0.1 /api/Salbum/getPageSalbum
INFO: [ app_init ] --START--
INFO: Run Behavior\BuildLiteBehavior [ RunTime:0.000026s ]
INFO: [ app_init ] --END-- [ RunTime:0.000181s ]
INFO: [ app_begin ] --START--
INFO: Run Behavior\ReadHtmlCacheBehavior [ RunTime:0.000071s ]
INFO: [ app_begin ] --END-- [ RunTime:0.000187s ]
SQL: SHOW COLUMNS FROM `icpnt_salbum` [ RunTime:0.0005s ]
SQL: SELECT * FROM `icpnt_salbum`  [ RunTime:0.0005s ]
NOTIC: [8192] Non-static method Think\Model::where() should not be called statically /var/www/html/books/Application/Api/Model/SalbumModel.class.php 第 37 行.
ERR: Using $this when not in object context

[ 2019-03-13T17:30:43+08:00 ] 127.0.0.1 /api/Salbum/getPageSalbum
INFO: [ app_init ] --START--
INFO: Run Behavior\BuildLiteBehavior [ RunTime:0.000052s ]
INFO: [ app_init ] --END-- [ RunTime:0.000348s ]
INFO: [ app_begin ] --START--
INFO: Run Behavior\ReadHtmlCacheBehavior [ RunTime:0.000128s ]
INFO: [ app_begin ] --END-- [ RunTime:0.000325s ]
SQL: SHOW COLUMNS FROM `icpnt_salbum` [ RunTime:0.0004s ]
SQL: SELECT * FROM `icpnt_salbum`  [ RunTime:0.0003s ]
NOTIC: [8192] Non-static method Think\Model::where() should not be called statically /var/www/html/books/Application/Api/Model/SalbumModel.class.php 第 37 行.
ERR: Using $this when not in object context

[ 2019-03-13T17:30:45+08:00 ] 127.0.0.1 /api/Salbum/getPageSalbum
INFO: [ app_init ] --START--
INFO: Run Behavior\BuildLiteBehavior [ RunTime:0.000058s ]
INFO: [ app_init ] --END-- [ RunTime:0.000359s ]
INFO: [ app_begin ] --START--
INFO: Run Behavior\ReadHtmlCacheBehavior [ RunTime:0.000124s ]
INFO: [ app_begin ] --END-- [ RunTime:0.000345s ]
SQL: SHOW COLUMNS FROM `icpnt_salbum` [ RunTime:0.0010s ]
SQL: SELECT * FROM `icpnt_salbum`  [ RunTime:0.0005s ]
NOTIC: [8192] Non-static method Think\Model::where() should not be called statically /var/www/html/books/Application/Api/Model/SalbumModel.class.php 第 37 行.
ERR: Using $this when not in object context

[ 2019-03-13T17:30:46+08:00 ] 127.0.0.1 /api/Salbum/getPageSalbum
INFO: [ app_init ] --START--
INFO: Run Behavior\BuildLiteBehavior [ RunTime:0.000024s ]
INFO: [ app_init ] --END-- [ RunTime:0.000157s ]
INFO: [ app_begin ] --START--
INFO: Run Behavior\ReadHtmlCacheBehavior [ RunTime:0.000055s ]
INFO: [ app_begin ] --END-- [ RunTime:0.000148s ]
SQL: SHOW COLUMNS FROM `icpnt_salbum` [ RunTime:0.0007s ]
SQL: SELECT * FROM `icpnt_salbum`  [ RunTime:0.0004s ]
NOTIC: [8192] Non-static method Think\Model::where() should not be called statically /var/www/html/books/Application/Api/Model/SalbumModel.class.php 第 37 行.
ERR: Using $this when not in object context

[ 2019-03-13T17:30:47+08:00 ] 127.0.0.1 /api/Salbum/getPageSalbum
INFO: [ app_init ] --START--
INFO: Run Behavior\BuildLiteBehavior [ RunTime:0.000050s ]
INFO: [ app_init ] --END-- [ RunTime:0.000317s ]
INFO: [ app_begin ] --START--
INFO: Run Behavior\ReadHtmlCacheBehavior [ RunTime:0.000109s ]
INFO: [ app_begin ] --END-- [ RunTime:0.000308s ]
SQL: SHOW COLUMNS FROM `icpnt_salbum` [ RunTime:0.0010s ]
SQL: SELECT * FROM `icpnt_salbum`  [ RunTime:0.0005s ]
NOTIC: [8192] Non-static method Think\Model::where() should not be called statically /var/www/html/books/Application/Api/Model/SalbumModel.class.php 第 37 行.
ERR: Using $this when not in object context

[ 2019-03-13T17:30:56+08:00 ] 127.0.0.1 /api/Salbum/getPageSalbum
INFO: [ app_init ] --START--
INFO: Run Behavior\BuildLiteBehavior [ RunTime:0.000015s ]
INFO: [ app_init ] --END-- [ RunTime:0.000102s ]
INFO: [ app_begin ] --START--
INFO: Run Behavior\ReadHtmlCacheBehavior [ RunTime:0.000035s ]
INFO: [ app_begin ] --END-- [ RunTime:0.000089s ]
SQL: SHOW COLUMNS FROM `icpnt_salbum` [ RunTime:0.0003s ]
SQL: SELECT * FROM `icpnt_salbum`  [ RunTime:0.0001s ]
NOTIC: [8192] Non-static method Think\Model::where() should not be called statically /var/www/html/books/Application/Api/Model/SalbumModel.class.php 第 37 行.
ERR: Using $this when not in object context

[ 2019-03-13T17:30:57+08:00 ] 127.0.0.1 /api/Salbum/getPageSalbum
INFO: [ app_init ] --START--
INFO: Run Behavior\BuildLiteBehavior [ RunTime:0.000051s ]
INFO: [ app_init ] --END-- [ RunTime:0.000311s ]
INFO: [ app_begin ] --START--
INFO: Run Behavior\ReadHtmlCacheBehavior [ RunTime:0.000109s ]
INFO: [ app_begin ] --END-- [ RunTime:0.000303s ]
SQL: SHOW COLUMNS FROM `icpnt_salbum` [ RunTime:0.0009s ]
SQL: SELECT * FROM `icpnt_salbum`  [ RunTime:0.0006s ]
NOTIC: [8192] Non-static method Think\Model::where() should not be called statically /var/www/html/books/Application/Api/Model/SalbumModel.class.php 第 37 行.
ERR: Using $this when not in object context

[ 2019-03-13T17:30:58+08:00 ] 127.0.0.1 /api/Salbum/getPageSalbum
INFO: [ app_init ] --START--
INFO: Run Behavior\BuildLiteBehavior [ RunTime:0.000029s ]
INFO: [ app_init ] --END-- [ RunTime:0.000179s ]
INFO: [ app_begin ] --START--
INFO: Run Behavior\ReadHtmlCacheBehavior [ RunTime:0.000099s ]
INFO: [ app_begin ] --END-- [ RunTime:0.000211s ]
SQL: SHOW COLUMNS FROM `icpnt_salbum` [ RunTime:0.0005s ]
SQL: SELECT * FROM `icpnt_salbum`  [ RunTime:0.0003s ]
NOTIC: [8192] Non-static method Think\Model::where() should not be called statically /var/www/html/books/Application/Api/Model/SalbumModel.class.php 第 37 行.
ERR: Using $this when not in object context

[ 2019-03-13T17:30:58+08:00 ] 127.0.0.1 /api/Salbum/getPageSalbum
INFO: [ app_init ] --START--
INFO: Run Behavior\BuildLiteBehavior [ RunTime:0.000061s ]
INFO: [ app_init ] --END-- [ RunTime:0.000350s ]
INFO: [ app_begin ] --START--
INFO: Run Behavior\ReadHtmlCacheBehavior [ RunTime:0.000110s ]
INFO: [ app_begin ] --END-- [ RunTime:0.000304s ]
SQL: SHOW COLUMNS FROM `icpnt_salbum` [ RunTime:0.0009s ]
SQL: SELECT * FROM `icpnt_salbum`  [ RunTime:0.0005s ]
NOTIC: [8192] Non-static method Think\Model::where() should not be called statically /var/www/html/books/Application/Api/Model/SalbumModel.class.php 第 37 行.
ERR: Using $this when not in object context

[ 2019-03-13T17:30:59+08:00 ] 127.0.0.1 /api/Salbum/getPageSalbum
INFO: [ app_init ] --START--
INFO: Run Behavior\BuildLiteBehavior [ RunTime:0.000019s ]
INFO: [ app_init ] --END-- [ RunTime:0.000124s ]
INFO: [ app_begin ] --START--
INFO: Run Behavior\ReadHtmlCacheBehavior [ RunTime:0.000045s ]
INFO: [ app_begin ] --END-- [ RunTime:0.000136s ]
SQL: SHOW COLUMNS FROM `icpnt_salbum` [ RunTime:0.0004s ]
SQL: SELECT * FROM `icpnt_salbum`  [ RunTime:0.0003s ]
NOTIC: [8192] Non-static method Think\Model::where() should not be called statically /var/www/html/books/Application/Api/Model/SalbumModel.class.php 第 37 行.
ERR: Using $this when not in object context

[ 2019-03-13T17:30:59+08:00 ] 127.0.0.1 /api/Salbum/getPageSalbum
INFO: [ app_init ] --START--
INFO: Run Behavior\BuildLiteBehavior [ RunTime:0.000057s ]
INFO: [ app_init ] --END-- [ RunTime:0.000352s ]
INFO: [ app_begin ] --START--
INFO: Run Behavior\ReadHtmlCacheBehavior [ RunTime:0.000122s ]
INFO: [ app_begin ] --END-- [ RunTime:0.000339s ]
SQL: SHOW COLUMNS FROM `icpnt_salbum` [ RunTime:0.0011s ]
SQL: SELECT * FROM `icpnt_salbum`  [ RunTime:0.0006s ]
NOTIC: [8192] Non-static method Think\Model::where() should not be called statically /var/www/html/books/Application/Api/Model/SalbumModel.class.php 第 37 行.
ERR: Using $this when not in object context

[ 2019-03-13T17:30:59+08:00 ] 127.0.0.1 /api/Salbum/getPageSalbum
INFO: [ app_init ] --START--
INFO: Run Behavior\BuildLiteBehavior [ RunTime:0.000057s ]
INFO: [ app_init ] --END-- [ RunTime:0.000412s ]
INFO: [ app_begin ] --START--
INFO: Run Behavior\ReadHtmlCacheBehavior [ RunTime:0.000123s ]
INFO: [ app_begin ] --END-- [ RunTime:0.000343s ]
SQL: SHOW COLUMNS FROM `icpnt_salbum` [ RunTime:0.0010s ]
SQL: SELECT * FROM `icpnt_salbum`  [ RunTime:0.0006s ]
NOTIC: [8192] Non-static method Think\Model::where() should not be called statically /var/www/html/books/Application/Api/Model/SalbumModel.class.php 第 37 行.
ERR: Using $this when not in object context

[ 2019-03-13T17:31:00+08:00 ] 127.0.0.1 /api/Salbum/getPageSalbum
INFO: [ app_init ] --START--
INFO: Run Behavior\BuildLiteBehavior [ RunTime:0.000018s ]
INFO: [ app_init ] --END-- [ RunTime:0.000112s ]
INFO: [ app_begin ] --START--
INFO: Run Behavior\ReadHtmlCacheBehavior [ RunTime:0.000038s ]
INFO: [ app_begin ] --END-- [ RunTime:0.000104s ]
SQL: SHOW COLUMNS FROM `icpnt_salbum` [ RunTime:0.0003s ]
SQL: SELECT * FROM `icpnt_salbum`  [ RunTime:0.0003s ]
NOTIC: [8192] Non-static method Think\Model::where() should not be called statically /var/www/html/books/Application/Api/Model/SalbumModel.class.php 第 37 行.
ERR: Using $this when not in object context

[ 2019-03-13T17:31:00+08:00 ] 127.0.0.1 /api/Salbum/getPageSalbum
INFO: [ app_init ] --START--
INFO: Run Behavior\BuildLiteBehavior [ RunTime:0.000017s ]
INFO: [ app_init ] --END-- [ RunTime:0.000108s ]
INFO: [ app_begin ] --START--
INFO: Run Behavior\ReadHtmlCacheBehavior [ RunTime:0.000042s ]
INFO: [ app_begin ] --END-- [ RunTime:0.000117s ]
SQL: SHOW COLUMNS FROM `icpnt_salbum` [ RunTime:0.0004s ]
SQL: SELECT * FROM `icpnt_salbum`  [ RunTime:0.0002s ]
NOTIC: [8192] Non-static method Think\Model::where() should not be called statically /var/www/html/books/Application/Api/Model/SalbumModel.class.php 第 37 行.
ERR: Using $this when not in object context

[ 2019-03-13T17:31:00+08:00 ] 127.0.0.1 /api/Salbum/getPageSalbum
INFO: [ app_init ] --START--
INFO: Run Behavior\BuildLiteBehavior [ RunTime:0.000018s ]
INFO: [ app_init ] --END-- [ RunTime:0.000110s ]
INFO: [ app_begin ] --START--
INFO: Run Behavior\ReadHtmlCacheBehavior [ RunTime:0.000037s ]
INFO: [ app_begin ] --END-- [ RunTime:0.000101s ]
SQL: SHOW COLUMNS FROM `icpnt_salbum` [ RunTime:0.0004s ]
SQL: SELECT * FROM `icpnt_salbum`  [ RunTime:0.0002s ]
NOTIC: [8192] Non-static method Think\Model::where() should not be called statically /var/www/html/books/Application/Api/Model/SalbumModel.class.php 第 37 行.
ERR: Using $this when not in object context

[ 2019-03-13T17:31:01+08:00 ] 127.0.0.1 /api/Salbum/getPageSalbum
INFO: [ app_init ] --START--
INFO: Run Behavior\BuildLiteBehavior [ RunTime:0.000024s ]
INFO: [ app_init ] --END-- [ RunTime:0.000123s ]
INFO: [ app_begin ] --START--
INFO: Run Behavior\ReadHtmlCacheBehavior [ RunTime:0.000040s ]
INFO: [ app_begin ] --END-- [ RunTime:0.000108s ]
SQL: SHOW COLUMNS FROM `icpnt_salbum` [ RunTime:0.0004s ]
SQL: SELECT * FROM `icpnt_salbum`  [ RunTime:0.0001s ]
NOTIC: [8192] Non-static method Think\Model::where() should not be called statically /var/www/html/books/Application/Api/Model/SalbumModel.class.php 第 37 行.
ERR: Using $this when not in object context

[ 2019-03-13T17:31:01+08:00 ] 127.0.0.1 /api/Salbum/getPageSalbum
INFO: [ app_init ] --START--
INFO: Run Behavior\BuildLiteBehavior [ RunTime:0.000024s ]
INFO: [ app_init ] --END-- [ RunTime:0.000150s ]
INFO: [ app_begin ] --START--
INFO: Run Behavior\ReadHtmlCacheBehavior [ RunTime:0.000052s ]
INFO: [ app_begin ] --END-- [ RunTime:0.000145s ]
SQL: SHOW COLUMNS FROM `icpnt_salbum` [ RunTime:0.0005s ]
SQL: SELECT * FROM `icpnt_salbum`  [ RunTime:0.0002s ]
NOTIC: [8192] Non-static method Think\Model::where() should not be called statically /var/www/html/books/Application/Api/Model/SalbumModel.class.php 第 37 行.
ERR: Using $this when not in object context

[ 2019-03-13T17:31:02+08:00 ] 127.0.0.1 /api/Salbum/getPageSalbum
INFO: [ app_init ] --START--
INFO: Run Behavior\BuildLiteBehavior [ RunTime:0.000051s ]
INFO: [ app_init ] --END-- [ RunTime:0.000333s ]
INFO: [ app_begin ] --START--
INFO: Run Behavior\ReadHtmlCacheBehavior [ RunTime:0.000121s ]
INFO: [ app_begin ] --END-- [ RunTime:0.000319s ]
SQL: SHOW COLUMNS FROM `icpnt_salbum` [ RunTime:0.0009s ]
SQL: SELECT * FROM `icpnt_salbum`  [ RunTime:0.0005s ]
NOTIC: [8192] Non-static method Think\Model::where() should not be called statically /var/www/html/books/Application/Api/Model/SalbumModel.class.php 第 37 行.
ERR: Using $this when not in object context

[ 2019-03-13T17:31:02+08:00 ] 127.0.0.1 /api/Salbum/getPageSalbum
INFO: [ app_init ] --START--
INFO: Run Behavior\BuildLiteBehavior [ RunTime:0.000056s ]
INFO: [ app_init ] --END-- [ RunTime:0.000350s ]
INFO: [ app_begin ] --START--
INFO: Run Behavior\ReadHtmlCacheBehavior [ RunTime:0.000121s ]
INFO: [ app_begin ] --END-- [ RunTime:0.000339s ]
SQL: SHOW COLUMNS FROM `icpnt_salbum` [ RunTime:0.0009s ]
SQL: SELECT * FROM `icpnt_salbum`  [ RunTime:0.0004s ]
NOTIC: [8192] Non-static method Think\Model::where() should not be called statically /var/www/html/books/Application/Api/Model/SalbumModel.class.php 第 37 行.
ERR: Using $this when not in object context

[ 2019-03-13T17:31:03+08:00 ] 127.0.0.1 /api/Salbum/getPageSalbum
INFO: [ app_init ] --START--
INFO: Run Behavior\BuildLiteBehavior [ RunTime:0.000056s ]
INFO: [ app_init ] --END-- [ RunTime:0.000351s ]
INFO: [ app_begin ] --START--
INFO: Run Behavior\ReadHtmlCacheBehavior [ RunTime:0.000133s ]
INFO: [ app_begin ] --END-- [ RunTime:0.000384s ]
SQL: SHOW COLUMNS FROM `icpnt_salbum` [ RunTime:0.0010s ]
SQL: SELECT * FROM `icpnt_salbum`  [ RunTime:0.0005s ]
NOTIC: [8192] Non-static method Think\Model::where() should not be called statically /var/www/html/books/Application/Api/Model/SalbumModel.class.php 第 37 行.
ERR: Using $this when not in object context

[ 2019-03-13T17:36:24+08:00 ] 127.0.0.1 /api/Salbum/getPageSalbum
INFO: [ app_init ] --START--
INFO: Run Behavior\BuildLiteBehavior [ RunTime:0.000058s ]
INFO: [ app_init ] --END-- [ RunTime:0.000384s ]
INFO: [ app_begin ] --START--
INFO: Run Behavior\ReadHtmlCacheBehavior [ RunTime:0.000134s ]
INFO: [ app_begin ] --END-- [ RunTime:0.000356s ]
SQL: SHOW COLUMNS FROM `icpnt_salbum` [ RunTime:0.0010s ]
SQL: SELECT * FROM `icpnt_salbum`  [ RunTime:0.0006s ]
NOTIC: [8192] Non-static method Think\Model::where() should not be called statically /var/www/html/books/Application/Api/Model/SalbumModel.class.php 第 37 行.
ERR: Using $this when not in object context

[ 2019-03-13T17:36:25+08:00 ] 127.0.0.1 /api/Salbum/getPageSalbum
INFO: [ app_init ] --START--
INFO: Run Behavior\BuildLiteBehavior [ RunTime:0.000053s ]
INFO: [ app_init ] --END-- [ RunTime:0.000382s ]
INFO: [ app_begin ] --START--
INFO: Run Behavior\ReadHtmlCacheBehavior [ RunTime:0.000110s ]
INFO: [ app_begin ] --END-- [ RunTime:0.000306s ]
SQL: SHOW COLUMNS FROM `icpnt_salbum` [ RunTime:0.0010s ]
SQL: SELECT * FROM `icpnt_salbum`  [ RunTime:0.0005s ]
NOTIC: [8192] Non-static method Think\Model::where() should not be called statically /var/www/html/books/Application/Api/Model/SalbumModel.class.php 第 37 行.
ERR: Using $this when not in object context

[ 2019-03-13T17:36:38+08:00 ] 127.0.0.1 /api/Salbum/getPageSalbum
INFO: [ app_init ] --START--
INFO: Run Behavior\BuildLiteBehavior [ RunTime:0.000071s ]
INFO: [ app_init ] --END-- [ RunTime:0.000466s ]
INFO: [ app_begin ] --START--
INFO: Run Behavior\ReadHtmlCacheBehavior [ RunTime:0.000151s ]
INFO: [ app_begin ] --END-- [ RunTime:0.000412s ]
SQL: SHOW COLUMNS FROM `icpnt_salbum` [ RunTime:0.0009s ]
SQL: SELECT * FROM `icpnt_salbum`  [ RunTime:0.0005s ]
NOTIC: [8192] Non-static method Think\Model::where() should not be called statically /var/www/html/books/Application/Api/Model/SalbumModel.class.php 第 37 行.
ERR: Using $this when not in object context

[ 2019-03-13T17:36:39+08:00 ] 127.0.0.1 /api/Salbum/getPageSalbum
INFO: [ app_init ] --START--
INFO: Run Behavior\BuildLiteBehavior [ RunTime:0.000057s ]
INFO: [ app_init ] --END-- [ RunTime:0.000366s ]
INFO: [ app_begin ] --START--
INFO: Run Behavior\ReadHtmlCacheBehavior [ RunTime:0.000124s ]
INFO: [ app_begin ] --END-- [ RunTime:0.000343s ]
SQL: SHOW COLUMNS FROM `icpnt_salbum` [ RunTime:0.0004s ]
SQL: SELECT * FROM `icpnt_salbum`  [ RunTime:0.0002s ]
NOTIC: [8192] Non-static method Think\Model::where() should not be called statically /var/www/html/books/Application/Api/Model/SalbumModel.class.php 第 37 行.
ERR: Using $this when not in object context

[ 2019-03-13T17:36:57+08:00 ] 127.0.0.1 /api/Salbum/getPageSalbum
INFO: [ app_init ] --START--
INFO: Run Behavior\BuildLiteBehavior [ RunTime:0.000058s ]
INFO: [ app_init ] --END-- [ RunTime:0.000389s ]
INFO: [ app_begin ] --START--
INFO: Run Behavior\ReadHtmlCacheBehavior [ RunTime:0.000141s ]
INFO: [ app_begin ] --END-- [ RunTime:0.000370s ]
SQL: SHOW COLUMNS FROM `icpnt_salbum` [ RunTime:0.0010s ]
SQL: SELECT * FROM `icpnt_salbum`  [ RunTime:0.0005s ]
NOTIC: [8192] Non-static method Think\Model::select() should not be called statically /var/www/html/books/Application/Api/Model/SalbumModel.class.php 第 37 行.
ERR: Using $this when not in object context

[ 2019-03-13T17:36:59+08:00 ] 127.0.0.1 /api/Salbum/getPageSalbum
INFO: [ app_init ] --START--
INFO: Run Behavior\BuildLiteBehavior [ RunTime:0.000056s ]
INFO: [ app_init ] --END-- [ RunTime:0.000354s ]
INFO: [ app_begin ] --START--
INFO: Run Behavior\ReadHtmlCacheBehavior [ RunTime:0.000122s ]
INFO: [ app_begin ] --END-- [ RunTime:0.000341s ]
SQL: SHOW COLUMNS FROM `icpnt_salbum` [ RunTime:0.0010s ]
SQL: SELECT * FROM `icpnt_salbum`  [ RunTime:0.0005s ]
NOTIC: [8192] Non-static method Think\Model::select() should not be called statically /var/www/html/books/Application/Api/Model/SalbumModel.class.php 第 37 行.
ERR: Using $this when not in object context

[ 2019-03-13T17:37:20+08:00 ] 127.0.0.1 /api/Salbum/getPageSalbum
INFO: [ app_init ] --START--
INFO: Run Behavior\BuildLiteBehavior [ RunTime:0.000019s ]
INFO: [ app_init ] --END-- [ RunTime:0.000169s ]
INFO: [ app_begin ] --START--
INFO: Run Behavior\ReadHtmlCacheBehavior [ RunTime:0.000041s ]
INFO: [ app_begin ] --END-- [ RunTime:0.000106s ]
SQL: SHOW COLUMNS FROM `icpnt_salbum` [ RunTime:0.0004s ]
SQL: SELECT * FROM `icpnt_salbum`  [ RunTime:0.0002s ]
NOTIC: [8192] Non-static method Api\Model\SalbumModel::getStorySum() should not be called statically /var/www/html/books/Application/Api/Controller/SalbumController.class.php 第 45 行.
NOTIC: [8192] Non-static method Think\Model::where() should not be called statically /var/www/html/books/Application/Api/Model/SalbumModel.class.php 第 37 行.
ERR: Using $this when not in object context

[ 2019-03-13T17:37:31+08:00 ] 127.0.0.1 /api/Salbum/getPageSalbum
INFO: [ app_init ] --START--
INFO: Run Behavior\BuildLiteBehavior [ RunTime:0.000026s ]
INFO: [ app_init ] --END-- [ RunTime:0.000129s ]
INFO: [ app_begin ] --START--
INFO: Run Behavior\ReadHtmlCacheBehavior [ RunTime:0.000041s ]
INFO: [ app_begin ] --END-- [ RunTime:0.000106s ]
SQL: SHOW COLUMNS FROM `icpnt_salbum` [ RunTime:0.0004s ]
SQL: SELECT * FROM `icpnt_salbum`  [ RunTime:0.0003s ]
SQL: SELECT * FROM `icpnt_salbum` WHERE `scategory_id` = 1  [ RunTime:0.0003s ]
SQL: SELECT * FROM `icpnt_salbum` WHERE `scategory_id` = 1  [ RunTime:0.0003s ]
SQL: SELECT * FROM `icpnt_salbum` WHERE `scategory_id` = 5  [ RunTime:0.0003s ]
SQL: SELECT * FROM `icpnt_salbum` WHERE `scategory_id` = 5  [ RunTime:0.0003s ]
SQL: SELECT * FROM `icpnt_salbum` WHERE `scategory_id` = 6  [ RunTime:0.0003s ]
SQL: SELECT * FROM `icpnt_salbum` WHERE `scategory_id` = 6  [ RunTime:0.0002s ]
SQL: SELECT * FROM `icpnt_salbum` WHERE `scategory_id` = 7  [ RunTime:0.0002s ]
SQL: SELECT * FROM `icpnt_salbum` WHERE `scategory_id` = 7  [ RunTime:0.0001s ]
SQL: SELECT * FROM `icpnt_salbum` WHERE `scategory_id` = 6  [ RunTime:0.0001s ]

[ 2019-03-13T17:37:32+08:00 ] 127.0.0.1 /api/Salbum/getPageSalbum
INFO: [ app_init ] --START--
INFO: Run Behavior\BuildLiteBehavior [ RunTime:0.000017s ]
INFO: [ app_init ] --END-- [ RunTime:0.000148s ]
INFO: [ app_begin ] --START--
INFO: Run Behavior\ReadHtmlCacheBehavior [ RunTime:0.000037s ]
INFO: [ app_begin ] --END-- [ RunTime:0.000103s ]
SQL: SHOW COLUMNS FROM `icpnt_salbum` [ RunTime:0.0004s ]
SQL: SELECT * FROM `icpnt_salbum`  [ RunTime:0.0003s ]
SQL: SELECT * FROM `icpnt_salbum` WHERE `scategory_id` = 1  [ RunTime:0.0003s ]
SQL: SELECT * FROM `icpnt_salbum` WHERE `scategory_id` = 1  [ RunTime:0.0002s ]
SQL: SELECT * FROM `icpnt_salbum` WHERE `scategory_id` = 5  [ RunTime:0.0003s ]
SQL: SELECT * FROM `icpnt_salbum` WHERE `scategory_id` = 5  [ RunTime:0.0002s ]
SQL: SELECT * FROM `icpnt_salbum` WHERE `scategory_id` = 6  [ RunTime:0.0001s ]
SQL: SELECT * FROM `icpnt_salbum` WHERE `scategory_id` = 6  [ RunTime:0.0001s ]
SQL: SELECT * FROM `icpnt_salbum` WHERE `scategory_id` = 7  [ RunTime:0.0002s ]
SQL: SELECT * FROM `icpnt_salbum` WHERE `scategory_id` = 7  [ RunTime:0.0001s ]
SQL: SELECT * FROM `icpnt_salbum` WHERE `scategory_id` = 6  [ RunTime:0.0001s ]

[ 2019-03-13T17:37:33+08:00 ] 127.0.0.1 /api/Salbum/getPageSalbum
INFO: [ app_init ] --START--
INFO: Run Behavior\BuildLiteBehavior [ RunTime:0.000018s ]
INFO: [ app_init ] --END-- [ RunTime:0.000110s ]
INFO: [ app_begin ] --START--
INFO: Run Behavior\ReadHtmlCacheBehavior [ RunTime:0.000037s ]
INFO: [ app_begin ] --END-- [ RunTime:0.000101s ]
SQL: SHOW COLUMNS FROM `icpnt_salbum` [ RunTime:0.0004s ]
SQL: SELECT * FROM `icpnt_salbum`  [ RunTime:0.0002s ]
SQL: SELECT * FROM `icpnt_salbum` WHERE `scategory_id` = 1  [ RunTime:0.0002s ]
SQL: SELECT * FROM `icpnt_salbum` WHERE `scategory_id` = 1  [ RunTime:0.0002s ]
SQL: SELECT * FROM `icpnt_salbum` WHERE `scategory_id` = 5  [ RunTime:0.0002s ]
SQL: SELECT * FROM `icpnt_salbum` WHERE `scategory_id` = 5  [ RunTime:0.0001s ]
SQL: SELECT * FROM `icpnt_salbum` WHERE `scategory_id` = 6  [ RunTime:0.0001s ]
SQL: SELECT * FROM `icpnt_salbum` WHERE `scategory_id` = 6  [ RunTime:0.0001s ]
SQL: SELECT * FROM `icpnt_salbum` WHERE `scategory_id` = 7  [ RunTime:0.0001s ]
SQL: SELECT * FROM `icpnt_salbum` WHERE `scategory_id` = 7  [ RunTime:0.0001s ]
SQL: SELECT * FROM `icpnt_salbum` WHERE `scategory_id` = 6  [ RunTime:0.0001s ]

[ 2019-03-13T17:37:33+08:00 ] 127.0.0.1 /api/Salbum/getPageSalbum
INFO: [ app_init ] --START--
INFO: Run Behavior\BuildLiteBehavior [ RunTime:0.000058s ]
INFO: [ app_init ] --END-- [ RunTime:0.000367s ]
INFO: [ app_begin ] --START--
INFO: Run Behavior\ReadHtmlCacheBehavior [ RunTime:0.000130s ]
INFO: [ app_begin ] --END-- [ RunTime:0.000359s ]
SQL: SHOW COLUMNS FROM `icpnt_salbum` [ RunTime:0.0009s ]
SQL: SELECT * FROM `icpnt_salbum`  [ RunTime:0.0006s ]
SQL: SELECT * FROM `icpnt_salbum` WHERE `scategory_id` = 1  [ RunTime:0.0007s ]
SQL: SELECT * FROM `icpnt_salbum` WHERE `scategory_id` = 1  [ RunTime:0.0005s ]
SQL: SELECT * FROM `icpnt_salbum` WHERE `scategory_id` = 5  [ RunTime:0.0004s ]
SQL: SELECT * FROM `icpnt_salbum` WHERE `scategory_id` = 5  [ RunTime:0.0005s ]
SQL: SELECT * FROM `icpnt_salbum` WHERE `scategory_id` = 6  [ RunTime:0.0004s ]
SQL: SELECT * FROM `icpnt_salbum` WHERE `scategory_id` = 6  [ RunTime:0.0005s ]
SQL: SELECT * FROM `icpnt_salbum` WHERE `scategory_id` = 7  [ RunTime:0.0006s ]
SQL: SELECT * FROM `icpnt_salbum` WHERE `scategory_id` = 7  [ RunTime:0.0004s ]
SQL: SELECT * FROM `icpnt_salbum` WHERE `scategory_id` = 6  [ RunTime:0.0004s ]

[ 2019-03-13T17:37:33+08:00 ] 127.0.0.1 /api/Salbum/getPageSalbum
INFO: [ app_init ] --START--
INFO: Run Behavior\BuildLiteBehavior [ RunTime:0.000018s ]
INFO: [ app_init ] --END-- [ RunTime:0.000109s ]
INFO: [ app_begin ] --START--
INFO: Run Behavior\ReadHtmlCacheBehavior [ RunTime:0.000037s ]
INFO: [ app_begin ] --END-- [ RunTime:0.000101s ]
SQL: SHOW COLUMNS FROM `icpnt_salbum` [ RunTime:0.0003s ]
SQL: SELECT * FROM `icpnt_salbum`  [ RunTime:0.0001s ]
SQL: SELECT * FROM `icpnt_salbum` WHERE `scategory_id` = 1  [ RunTime:0.0001s ]
SQL: SELECT * FROM `icpnt_salbum` WHERE `scategory_id` = 1  [ RunTime:0.0001s ]
SQL: SELECT * FROM `icpnt_salbum` WHERE `scategory_id` = 5  [ RunTime:0.0001s ]
SQL: SELECT * FROM `icpnt_salbum` WHERE `scategory_id` = 5  [ RunTime:0.0001s ]
SQL: SELECT * FROM `icpnt_salbum` WHERE `scategory_id` = 6  [ RunTime:0.0001s ]
SQL: SELECT * FROM `icpnt_salbum` WHERE `scategory_id` = 6  [ RunTime:0.0001s ]
SQL: SELECT * FROM `icpnt_salbum` WHERE `scategory_id` = 7  [ RunTime:0.0001s ]
SQL: SELECT * FROM `icpnt_salbum` WHERE `scategory_id` = 7  [ RunTime:0.0001s ]
SQL: SELECT * FROM `icpnt_salbum` WHERE `scategory_id` = 6  [ RunTime:0.0001s ]

[ 2019-03-13T17:37:34+08:00 ] 127.0.0.1 /api/Salbum/getPageSalbum
INFO: [ app_init ] --START--
INFO: Run Behavior\BuildLiteBehavior [ RunTime:0.000058s ]
INFO: [ app_init ] --END-- [ RunTime:0.000373s ]
INFO: [ app_begin ] --START--
INFO: Run Behavior\ReadHtmlCacheBehavior [ RunTime:0.000132s ]
INFO: [ app_begin ] --END-- [ RunTime:0.000353s ]
SQL: SHOW COLUMNS FROM `icpnt_salbum` [ RunTime:0.0010s ]
SQL: SELECT * FROM `icpnt_salbum`  [ RunTime:0.0005s ]
SQL: SELECT * FROM `icpnt_salbum` WHERE `scategory_id` = 1  [ RunTime:0.0006s ]
SQL: SELECT * FROM `icpnt_salbum` WHERE `scategory_id` = 1  [ RunTime:0.0005s ]
SQL: SELECT * FROM `icpnt_salbum` WHERE `scategory_id` = 5  [ RunTime:0.0005s ]
SQL: SELECT * FROM `icpnt_salbum` WHERE `scategory_id` = 5  [ RunTime:0.0005s ]
SQL: SELECT * FROM `icpnt_salbum` WHERE `scategory_id` = 6  [ RunTime:0.0005s ]
SQL: SELECT * FROM `icpnt_salbum` WHERE `scategory_id` = 6  [ RunTime:0.0005s ]
SQL: SELECT * FROM `icpnt_salbum` WHERE `scategory_id` = 7  [ RunTime:0.0005s ]
SQL: SELECT * FROM `icpnt_salbum` WHERE `scategory_id` = 7  [ RunTime:0.0005s ]
SQL: SELECT * FROM `icpnt_salbum` WHERE `scategory_id` = 6  [ RunTime:0.0005s ]

[ 2019-03-13T17:37:44+08:00 ] 127.0.0.1 /api/Salbum/getPageSalbum
INFO: [ app_init ] --START--
INFO: Run Behavior\BuildLiteBehavior [ RunTime:0.000057s ]
INFO: [ app_init ] --END-- [ RunTime:0.000371s ]
INFO: [ app_begin ] --START--
INFO: Run Behavior\ReadHtmlCacheBehavior [ RunTime:0.000187s ]
INFO: [ app_begin ] --END-- [ RunTime:0.000488s ]
SQL: SHOW COLUMNS FROM `icpnt_salbum` [ RunTime:0.0010s ]
SQL: SELECT * FROM `icpnt_salbum`  [ RunTime:0.0006s ]
SQL: SELECT * FROM `icpnt_salbum` WHERE `scategory_id` = 1  [ RunTime:0.0006s ]
SQL: SELECT * FROM `icpnt_salbum` WHERE `scategory_id` = 1  [ RunTime:0.0006s ]
SQL: SELECT * FROM `icpnt_salbum` WHERE `scategory_id` = 5  [ RunTime:0.0005s ]
SQL: SELECT * FROM `icpnt_salbum` WHERE `scategory_id` = 5  [ RunTime:0.0005s ]
SQL: SELECT * FROM `icpnt_salbum` WHERE `scategory_id` = 6  [ RunTime:0.0005s ]
SQL: SELECT * FROM `icpnt_salbum` WHERE `scategory_id` = 6  [ RunTime:0.0005s ]
SQL: SELECT * FROM `icpnt_salbum` WHERE `scategory_id` = 7  [ RunTime:0.0005s ]
SQL: SELECT * FROM `icpnt_salbum` WHERE `scategory_id` = 7  [ RunTime:0.0005s ]
SQL: SELECT * FROM `icpnt_salbum` WHERE `scategory_id` = 6  [ RunTime:0.0005s ]

[ 2019-03-13T17:37:59+08:00 ] 127.0.0.1 /api/Salbum/getPageSalbum
INFO: [ app_init ] --START--
INFO: Run Behavior\BuildLiteBehavior [ RunTime:0.000020s ]
INFO: [ app_init ] --END-- [ RunTime:0.000127s ]
INFO: [ app_begin ] --START--
INFO: Run Behavior\ReadHtmlCacheBehavior [ RunTime:0.000045s ]
INFO: [ app_begin ] --END-- [ RunTime:0.000116s ]
SQL: SHOW COLUMNS FROM `icpnt_salbum` [ RunTime:0.0004s ]
SQL: SELECT * FROM `icpnt_salbum`  [ RunTime:0.0002s ]
SQL: SELECT COUNT(*) AS tp_count FROM `icpnt_salbum` WHERE `scategory_id` = 1 LIMIT 1   [ RunTime:0.0451s ]
SQL: SELECT COUNT(*) AS tp_count FROM `icpnt_salbum` WHERE `scategory_id` = 1 LIMIT 1   [ RunTime:0.0004s ]
SQL: SELECT COUNT(*) AS tp_count FROM `icpnt_salbum` WHERE `scategory_id` = 5 LIMIT 1   [ RunTime:0.0003s ]
SQL: SELECT COUNT(*) AS tp_count FROM `icpnt_salbum` WHERE `scategory_id` = 5 LIMIT 1   [ RunTime:0.0004s ]
SQL: SELECT COUNT(*) AS tp_count FROM `icpnt_salbum` WHERE `scategory_id` = 6 LIMIT 1   [ RunTime:0.0004s ]
SQL: SELECT COUNT(*) AS tp_count FROM `icpnt_salbum` WHERE `scategory_id` = 6 LIMIT 1   [ RunTime:0.0004s ]
SQL: SELECT COUNT(*) AS tp_count FROM `icpnt_salbum` WHERE `scategory_id` = 7 LIMIT 1   [ RunTime:0.0004s ]
SQL: SELECT COUNT(*) AS tp_count FROM `icpnt_salbum` WHERE `scategory_id` = 7 LIMIT 1   [ RunTime:0.0004s ]
SQL: SELECT COUNT(*) AS tp_count FROM `icpnt_salbum` WHERE `scategory_id` = 6 LIMIT 1   [ RunTime:0.0004s ]

[ 2019-03-13T17:39:50+08:00 ] 127.0.0.1 /api/Salbum/getPageSalbum
INFO: [ app_init ] --START--
INFO: Run Behavior\BuildLiteBehavior [ RunTime:0.000057s ]
INFO: [ app_init ] --END-- [ RunTime:0.000371s ]
INFO: [ app_begin ] --START--
INFO: Run Behavior\ReadHtmlCacheBehavior [ RunTime:0.000147s ]
INFO: [ app_begin ] --END-- [ RunTime:0.000404s ]
SQL: SHOW COLUMNS FROM `icpnt_salbum` [ RunTime:0.0010s ]
SQL: SELECT * FROM `icpnt_salbum`  [ RunTime:0.0005s ]
ERR: 1146:Table 'books.icpnt_story' doesn't exist
 [ SQL语句 ] : SHOW COLUMNS FROM `icpnt_story`
ERR: 1146:Table 'books.icpnt_story' doesn't exist
 [ SQL语句 ] : SHOW COLUMNS FROM `icpnt_story`

[ 2019-03-13T17:41:42+08:00 ] 127.0.0.1 /api/Salbum/getPageSalbum
INFO: [ app_init ] --START--
INFO: Run Behavior\BuildLiteBehavior [ RunTime:0.000028s ]
INFO: [ app_init ] --END-- [ RunTime:0.000196s ]
INFO: [ app_begin ] --START--
INFO: Run Behavior\ReadHtmlCacheBehavior [ RunTime:0.000064s ]
INFO: [ app_begin ] --END-- [ RunTime:0.000168s ]
SQL: SHOW COLUMNS FROM `icpnt_salbum` [ RunTime:0.0007s ]
SQL: SELECT * FROM `icpnt_salbum`  [ RunTime:0.0004s ]
SQL: SHOW COLUMNS FROM `icpnt_listenstory` [ RunTime:0.0006s ]
SQL: SELECT COUNT(*) AS tp_count FROM `icpnt_listenstory` WHERE `scategory_id` = 1 LIMIT 1   [ RunTime:0.0004s ]
SQL: SHOW COLUMNS FROM `icpnt_listenstory` [ RunTime:0.0006s ]
SQL: SELECT COUNT(*) AS tp_count FROM `icpnt_listenstory` WHERE `scategory_id` = 1 LIMIT 1   [ RunTime:0.0004s ]
SQL: SHOW COLUMNS FROM `icpnt_listenstory` [ RunTime:0.0007s ]
SQL: SELECT COUNT(*) AS tp_count FROM `icpnt_listenstory` WHERE `scategory_id` = 5 LIMIT 1   [ RunTime:0.0004s ]
SQL: SHOW COLUMNS FROM `icpnt_listenstory` [ RunTime:0.0007s ]
SQL: SELECT COUNT(*) AS tp_count FROM `icpnt_listenstory` WHERE `scategory_id` = 5 LIMIT 1   [ RunTime:0.0004s ]
SQL: SHOW COLUMNS FROM `icpnt_listenstory` [ RunTime:0.0008s ]
SQL: SELECT COUNT(*) AS tp_count FROM `icpnt_listenstory` WHERE `scategory_id` = 6 LIMIT 1   [ RunTime:0.0005s ]
SQL: SHOW COLUMNS FROM `icpnt_listenstory` [ RunTime:0.0008s ]
SQL: SELECT COUNT(*) AS tp_count FROM `icpnt_listenstory` WHERE `scategory_id` = 6 LIMIT 1   [ RunTime:0.0005s ]
SQL: SHOW COLUMNS FROM `icpnt_listenstory` [ RunTime:0.0008s ]
SQL: SELECT COUNT(*) AS tp_count FROM `icpnt_listenstory` WHERE `scategory_id` = 7 LIMIT 1   [ RunTime:0.0005s ]
SQL: SHOW COLUMNS FROM `icpnt_listenstory` [ RunTime:0.0009s ]
SQL: SELECT COUNT(*) AS tp_count FROM `icpnt_listenstory` WHERE `scategory_id` = 7 LIMIT 1   [ RunTime:0.0005s ]
SQL: SHOW COLUMNS FROM `icpnt_listenstory` [ RunTime:0.0008s ]
SQL: SELECT COUNT(*) AS tp_count FROM `icpnt_listenstory` WHERE `scategory_id` = 6 LIMIT 1   [ RunTime:0.0005s ]

[ 2019-03-13T17:45:20+08:00 ] 127.0.0.1 /api/Salbum/getPageSalbum
INFO: [ app_init ] --START--
INFO: Run Behavior\BuildLiteBehavior [ RunTime:0.000018s ]
INFO: [ app_init ] --END-- [ RunTime:0.000115s ]
INFO: [ app_begin ] --START--
INFO: Run Behavior\ReadHtmlCacheBehavior [ RunTime:0.000042s ]
INFO: [ app_begin ] --END-- [ RunTime:0.000116s ]
SQL: SHOW COLUMNS FROM `icpnt_salbum` [ RunTime:0.0003s ]
SQL: SELECT * FROM `icpnt_salbum`  [ RunTime:0.0006s ]
SQL: SHOW COLUMNS FROM `icpnt_listenstory` [ RunTime:0.0010s ]
SQL: SELECT COUNT(*) AS tp_count FROM `icpnt_listenstory` WHERE `scategory_id` = 1 LIMIT 1   [ RunTime:0.0006s ]
SQL: SHOW COLUMNS FROM `icpnt_listenstory` [ RunTime:0.0009s ]
SQL: SELECT COUNT(*) AS tp_count FROM `icpnt_listenstory` WHERE `scategory_id` = 1 LIMIT 1   [ RunTime:0.0005s ]
SQL: SHOW COLUMNS FROM `icpnt_listenstory` [ RunTime:0.0009s ]
SQL: SELECT COUNT(*) AS tp_count FROM `icpnt_listenstory` WHERE `scategory_id` = 5 LIMIT 1   [ RunTime:0.0006s ]
SQL: SHOW COLUMNS FROM `icpnt_listenstory` [ RunTime:0.0009s ]
SQL: SELECT COUNT(*) AS tp_count FROM `icpnt_listenstory` WHERE `scategory_id` = 5 LIMIT 1   [ RunTime:0.0005s ]
SQL: SHOW COLUMNS FROM `icpnt_listenstory` [ RunTime:0.0009s ]
SQL: SELECT COUNT(*) AS tp_count FROM `icpnt_listenstory` WHERE `scategory_id` = 6 LIMIT 1   [ RunTime:0.0005s ]
SQL: SHOW COLUMNS FROM `icpnt_listenstory` [ RunTime:0.0009s ]
SQL: SELECT COUNT(*) AS tp_count FROM `icpnt_listenstory` WHERE `scategory_id` = 6 LIMIT 1   [ RunTime:0.0005s ]
SQL: SHOW COLUMNS FROM `icpnt_listenstory` [ RunTime:0.0009s ]
SQL: SELECT COUNT(*) AS tp_count FROM `icpnt_listenstory` WHERE `scategory_id` = 7 LIMIT 1   [ RunTime:0.0005s ]
SQL: SHOW COLUMNS FROM `icpnt_listenstory` [ RunTime:0.0009s ]
SQL: SELECT COUNT(*) AS tp_count FROM `icpnt_listenstory` WHERE `scategory_id` = 7 LIMIT 1   [ RunTime:0.0005s ]
SQL: SHOW COLUMNS FROM `icpnt_listenstory` [ RunTime:0.0009s ]
SQL: SELECT COUNT(*) AS tp_count FROM `icpnt_listenstory` WHERE `scategory_id` = 6 LIMIT 1   [ RunTime:0.0005s ]

[ 2019-03-13T17:45:35+08:00 ] 127.0.0.1 /api/Salbum/getPageSalbum
INFO: [ app_init ] --START--
INFO: Run Behavior\BuildLiteBehavior [ RunTime:0.000017s ]
INFO: [ app_init ] --END-- [ RunTime:0.000109s ]
INFO: [ app_begin ] --START--
INFO: Run Behavior\ReadHtmlCacheBehavior [ RunTime:0.000047s ]
INFO: [ app_begin ] --END-- [ RunTime:0.000121s ]
SQL: SHOW COLUMNS FROM `icpnt_salbum` [ RunTime:0.0004s ]
SQL: SELECT * FROM `icpnt_salbum` WHERE `salbum_type` = 0  [ RunTime:0.0007s ]
SQL: SHOW COLUMNS FROM `icpnt_listenstory` [ RunTime:0.0014s ]
SQL: SELECT COUNT(*) AS tp_count FROM `icpnt_listenstory` WHERE `scategory_id` = 5 LIMIT 1   [ RunTime:0.0006s ]
SQL: SHOW COLUMNS FROM `icpnt_listenstory` [ RunTime:0.0004s ]
SQL: SELECT COUNT(*) AS tp_count FROM `icpnt_listenstory` WHERE `scategory_id` = 5 LIMIT 1   [ RunTime:0.0002s ]
SQL: SHOW COLUMNS FROM `icpnt_listenstory` [ RunTime:0.0004s ]
SQL: SELECT COUNT(*) AS tp_count FROM `icpnt_listenstory` WHERE `scategory_id` = 6 LIMIT 1   [ RunTime:0.0003s ]
SQL: SHOW COLUMNS FROM `icpnt_listenstory` [ RunTime:0.0005s ]
SQL: SELECT COUNT(*) AS tp_count FROM `icpnt_listenstory` WHERE `scategory_id` = 6 LIMIT 1   [ RunTime:0.0002s ]
SQL: SHOW COLUMNS FROM `icpnt_listenstory` [ RunTime:0.0004s ]
SQL: SELECT COUNT(*) AS tp_count FROM `icpnt_listenstory` WHERE `scategory_id` = 6 LIMIT 1   [ RunTime:0.0003s ]

[ 2019-03-13T17:48:29+08:00 ] 127.0.0.1 /api/Salbum/getPageSalbum
INFO: [ app_init ] --START--
INFO: Run Behavior\BuildLiteBehavior [ RunTime:0.000057s ]
INFO: [ app_init ] --END-- [ RunTime:0.000364s ]
INFO: [ app_begin ] --START--
INFO: Run Behavior\ReadHtmlCacheBehavior [ RunTime:0.000135s ]
INFO: [ app_begin ] --END-- [ RunTime:0.000407s ]
SQL: SHOW COLUMNS FROM `icpnt_salbum` [ RunTime:0.0010s ]
SQL: SELECT * FROM `icpnt_salbum` WHERE `salbum_type` = 0  [ RunTime:0.0006s ]
SQL: SHOW COLUMNS FROM `icpnt_listenstory` [ RunTime:0.0009s ]
SQL: SELECT COUNT(*) AS tp_count FROM `icpnt_listenstory` WHERE `salbum_id` = 5 LIMIT 1   [ RunTime:0.0005s ]
SQL: SHOW COLUMNS FROM `icpnt_listenstory` [ RunTime:0.0009s ]
SQL: SELECT COUNT(*) AS tp_count FROM `icpnt_listenstory` WHERE `salbum_id` = 5 LIMIT 1   [ RunTime:0.0005s ]
SQL: SHOW COLUMNS FROM `icpnt_listenstory` [ RunTime:0.0008s ]
SQL: SELECT COUNT(*) AS tp_count FROM `icpnt_listenstory` WHERE `salbum_id` = 6 LIMIT 1   [ RunTime:0.0005s ]
SQL: SHOW COLUMNS FROM `icpnt_listenstory` [ RunTime:0.0008s ]
SQL: SELECT COUNT(*) AS tp_count FROM `icpnt_listenstory` WHERE `salbum_id` = 6 LIMIT 1   [ RunTime:0.0005s ]
SQL: SHOW COLUMNS FROM `icpnt_listenstory` [ RunTime:0.0008s ]
SQL: SELECT COUNT(*) AS tp_count FROM `icpnt_listenstory` WHERE `salbum_id` = 6 LIMIT 1   [ RunTime:0.0005s ]

[ 2019-03-13T17:49:00+08:00 ] 127.0.0.1 /api/Salbum/getPageSalbum
INFO: [ app_init ] --START--
INFO: Run Behavior\BuildLiteBehavior [ RunTime:0.000051s ]
INFO: [ app_init ] --END-- [ RunTime:0.000324s ]
INFO: [ app_begin ] --START--
INFO: Run Behavior\ReadHtmlCacheBehavior [ RunTime:0.000118s ]
INFO: [ app_begin ] --END-- [ RunTime:0.000313s ]
SQL: SHOW COLUMNS FROM `icpnt_salbum` [ RunTime:0.0009s ]
SQL: SELECT * FROM `icpnt_salbum` WHERE `salbum_type` = 0  [ RunTime:0.0005s ]
NOTIC: [8] Undefined index: salbum_id /var/www/html/books/Application/Api/Controller/SalbumController.class.php 第 45 行.
SQL: SHOW COLUMNS FROM `icpnt_listenstory` [ RunTime:0.0009s ]
SQL: SELECT COUNT(*) AS tp_count FROM `icpnt_listenstory` WHERE `salbum_id` = null LIMIT 1   [ RunTime:0.0005s ]
NOTIC: [8] Undefined index: salbum_id /var/www/html/books/Application/Api/Controller/SalbumController.class.php 第 45 行.
SQL: SHOW COLUMNS FROM `icpnt_listenstory` [ RunTime:0.0008s ]
SQL: SELECT COUNT(*) AS tp_count FROM `icpnt_listenstory` WHERE `salbum_id` = null LIMIT 1   [ RunTime:0.0005s ]
NOTIC: [8] Undefined index: salbum_id /var/www/html/books/Application/Api/Controller/SalbumController.class.php 第 45 行.
SQL: SHOW COLUMNS FROM `icpnt_listenstory` [ RunTime:0.0009s ]
SQL: SELECT COUNT(*) AS tp_count FROM `icpnt_listenstory` WHERE `salbum_id` = null LIMIT 1   [ RunTime:0.0004s ]
NOTIC: [8] Undefined index: salbum_id /var/www/html/books/Application/Api/Controller/SalbumController.class.php 第 45 行.
SQL: SHOW COLUMNS FROM `icpnt_listenstory` [ RunTime:0.0008s ]
SQL: SELECT COUNT(*) AS tp_count FROM `icpnt_listenstory` WHERE `salbum_id` = null LIMIT 1   [ RunTime:0.0005s ]
NOTIC: [8] Undefined index: salbum_id /var/www/html/books/Application/Api/Controller/SalbumController.class.php 第 45 行.
SQL: SHOW COLUMNS FROM `icpnt_listenstory` [ RunTime:0.0008s ]
SQL: SELECT COUNT(*) AS tp_count FROM `icpnt_listenstory` WHERE `salbum_id` = null LIMIT 1   [ RunTime:0.0005s ]

[ 2019-03-13T17:50:11+08:00 ] 127.0.0.1 /api/Salbum/getPageSalbum
INFO: [ app_init ] --START--
INFO: Run Behavior\BuildLiteBehavior [ RunTime:0.000020s ]
INFO: [ app_init ] --END-- [ RunTime:0.000121s ]
INFO: [ app_begin ] --START--
INFO: Run Behavior\ReadHtmlCacheBehavior [ RunTime:0.000044s ]
INFO: [ app_begin ] --END-- [ RunTime:0.000111s ]
SQL: SHOW COLUMNS FROM `icpnt_salbum` [ RunTime:0.0003s ]
SQL: SELECT * FROM `icpnt_salbum` WHERE `salbum_type` = 0  [ RunTime:0.0002s ]
SQL: SHOW COLUMNS FROM `icpnt_listenstory` [ RunTime:0.0003s ]
SQL: SELECT COUNT(*) AS tp_count FROM `icpnt_listenstory` WHERE `salbum_id` = 10 LIMIT 1   [ RunTime:0.0001s ]
SQL: SHOW COLUMNS FROM `icpnt_listenstory` [ RunTime:0.0002s ]
SQL: SELECT COUNT(*) AS tp_count FROM `icpnt_listenstory` WHERE `salbum_id` = 11 LIMIT 1   [ RunTime:0.0001s ]
SQL: SHOW COLUMNS FROM `icpnt_listenstory` [ RunTime:0.0002s ]
SQL: SELECT COUNT(*) AS tp_count FROM `icpnt_listenstory` WHERE `salbum_id` = 12 LIMIT 1   [ RunTime:0.0001s ]
SQL: SHOW COLUMNS FROM `icpnt_listenstory` [ RunTime:0.0002s ]
SQL: SELECT COUNT(*) AS tp_count FROM `icpnt_listenstory` WHERE `salbum_id` = 13 LIMIT 1   [ RunTime:0.0001s ]
SQL: SHOW COLUMNS FROM `icpnt_listenstory` [ RunTime:0.0002s ]
SQL: SELECT COUNT(*) AS tp_count FROM `icpnt_listenstory` WHERE `salbum_id` = 16 LIMIT 1   [ RunTime:0.0001s ]

[ 2019-03-13T17:51:30+08:00 ] 127.0.0.1 /api/Salbum/getPageSalbum
INFO: [ app_init ] --START--
INFO: Run Behavior\BuildLiteBehavior [ RunTime:0.000058s ]
INFO: [ app_init ] --END-- [ RunTime:0.000371s ]
INFO: [ app_begin ] --START--
INFO: Run Behavior\ReadHtmlCacheBehavior [ RunTime:0.000134s ]
INFO: [ app_begin ] --END-- [ RunTime:0.000389s ]
SQL: SHOW COLUMNS FROM `icpnt_salbum` [ RunTime:0.0005s ]
SQL: SELECT `id`,`salbum_headimg`,`salbum_name`,`salbum_type` FROM `icpnt_salbum` WHERE `salbum_type` = 0  [ RunTime:0.0003s ]
SQL: SHOW COLUMNS FROM `icpnt_listenstory` [ RunTime:0.0004s ]
SQL: SELECT COUNT(*) AS tp_count FROM `icpnt_listenstory` WHERE `salbum_id` = 10 LIMIT 1   [ RunTime:0.0003s ]
SQL: SHOW COLUMNS FROM `icpnt_listenstory` [ RunTime:0.0004s ]
SQL: SELECT COUNT(*) AS tp_count FROM `icpnt_listenstory` WHERE `salbum_id` = 11 LIMIT 1   [ RunTime:0.0002s ]
SQL: SHOW COLUMNS FROM `icpnt_listenstory` [ RunTime:0.0004s ]
SQL: SELECT COUNT(*) AS tp_count FROM `icpnt_listenstory` WHERE `salbum_id` = 12 LIMIT 1   [ RunTime:0.0003s ]
SQL: SHOW COLUMNS FROM `icpnt_listenstory` [ RunTime:0.0003s ]
SQL: SELECT COUNT(*) AS tp_count FROM `icpnt_listenstory` WHERE `salbum_id` = 13 LIMIT 1   [ RunTime:0.0003s ]
SQL: SHOW COLUMNS FROM `icpnt_listenstory` [ RunTime:0.0003s ]
SQL: SELECT COUNT(*) AS tp_count FROM `icpnt_listenstory` WHERE `salbum_id` = 16 LIMIT 1   [ RunTime:0.0003s ]

[ 2019-03-13T17:52:47+08:00 ] 127.0.0.1 /api/Salbum/getPageSalbum
INFO: [ app_init ] --START--
INFO: Run Behavior\BuildLiteBehavior [ RunTime:0.000057s ]
INFO: [ app_init ] --END-- [ RunTime:0.000367s ]
INFO: [ app_begin ] --START--
INFO: Run Behavior\ReadHtmlCacheBehavior [ RunTime:0.000133s ]
INFO: [ app_begin ] --END-- [ RunTime:0.000353s ]
SQL: SHOW COLUMNS FROM `icpnt_salbum` [ RunTime:0.0010s ]
SQL: SELECT `id`,`salbum_headimg`,`salbum_name`,`salbum_type` FROM `icpnt_salbum` WHERE `salbum_type` = 0  [ RunTime:0.0005s ]
SQL: SHOW COLUMNS FROM `icpnt_listenstory` [ RunTime:0.0009s ]
SQL: SELECT COUNT(*) AS tp_count FROM `icpnt_listenstory` WHERE `salbum_id` = 10 LIMIT 1   [ RunTime:0.0005s ]
SQL: SHOW COLUMNS FROM `icpnt_listenstory` [ RunTime:0.0010s ]
SQL: SELECT COUNT(*) AS tp_count FROM `icpnt_listenstory` WHERE `salbum_id` = 11 LIMIT 1   [ RunTime:0.0005s ]
SQL: SHOW COLUMNS FROM `icpnt_listenstory` [ RunTime:0.0009s ]
SQL: SELECT COUNT(*) AS tp_count FROM `icpnt_listenstory` WHERE `salbum_id` = 12 LIMIT 1   [ RunTime:0.0005s ]
SQL: SHOW COLUMNS FROM `icpnt_listenstory` [ RunTime:0.0009s ]
SQL: SELECT COUNT(*) AS tp_count FROM `icpnt_listenstory` WHERE `salbum_id` = 13 LIMIT 1   [ RunTime:0.0005s ]
SQL: SHOW COLUMNS FROM `icpnt_listenstory` [ RunTime:0.0010s ]
SQL: SELECT COUNT(*) AS tp_count FROM `icpnt_listenstory` WHERE `salbum_id` = 16 LIMIT 1   [ RunTime:0.0005s ]

[ 2019-03-13T17:53:49+08:00 ] 127.0.0.1 /api/Salbum/getPageSalbum
INFO: [ app_init ] --START--
INFO: Run Behavior\BuildLiteBehavior [ RunTime:0.000018s ]
INFO: [ app_init ] --END-- [ RunTime:0.000114s ]
INFO: [ app_begin ] --START--
INFO: Run Behavior\ReadHtmlCacheBehavior [ RunTime:0.000041s ]
INFO: [ app_begin ] --END-- [ RunTime:0.000108s ]
SQL: SHOW COLUMNS FROM `icpnt_salbum` [ RunTime:0.0004s ]
SQL: SELECT `id`,`salbum_headimg`,`salbum_name`,`salbum_type` FROM `icpnt_salbum` WHERE `salbum_type` = 0  [ RunTime:0.0003s ]
SQL: SHOW COLUMNS FROM `icpnt_listenstory` [ RunTime:0.0004s ]
SQL: SELECT COUNT(*) AS tp_count FROM `icpnt_listenstory` WHERE `salbum_id` = 10 LIMIT 1   [ RunTime:0.0003s ]
SQL: SHOW COLUMNS FROM `icpnt_listenstory` [ RunTime:0.0004s ]
SQL: SELECT COUNT(*) AS tp_count FROM `icpnt_listenstory` WHERE `salbum_id` = 11 LIMIT 1   [ RunTime:0.0002s ]
SQL: SHOW COLUMNS FROM `icpnt_listenstory` [ RunTime:0.0004s ]
SQL: SELECT COUNT(*) AS tp_count FROM `icpnt_listenstory` WHERE `salbum_id` = 12 LIMIT 1   [ RunTime:0.0002s ]
SQL: SHOW COLUMNS FROM `icpnt_listenstory` [ RunTime:0.0003s ]
SQL: SELECT COUNT(*) AS tp_count FROM `icpnt_listenstory` WHERE `salbum_id` = 13 LIMIT 1   [ RunTime:0.0003s ]
SQL: SHOW COLUMNS FROM `icpnt_listenstory` [ RunTime:0.0004s ]
SQL: SELECT COUNT(*) AS tp_count FROM `icpnt_listenstory` WHERE `salbum_id` = 16 LIMIT 1   [ RunTime:0.0003s ]

[ 2019-03-13T17:53:50+08:00 ] 127.0.0.1 /api/Salbum/getPageSalbum
INFO: [ app_init ] --START--
INFO: Run Behavior\BuildLiteBehavior [ RunTime:0.000057s ]
INFO: [ app_init ] --END-- [ RunTime:0.000354s ]
INFO: [ app_begin ] --START--
INFO: Run Behavior\ReadHtmlCacheBehavior [ RunTime:0.000147s ]
INFO: [ app_begin ] --END-- [ RunTime:0.000367s ]
SQL: SHOW COLUMNS FROM `icpnt_salbum` [ RunTime:0.0012s ]
SQL: SELECT `id`,`salbum_headimg`,`salbum_name`,`salbum_type` FROM `icpnt_salbum` WHERE `salbum_type` = 0  [ RunTime:0.0006s ]
SQL: SHOW COLUMNS FROM `icpnt_listenstory` [ RunTime:0.0010s ]
SQL: SELECT COUNT(*) AS tp_count FROM `icpnt_listenstory` WHERE `salbum_id` = 10 LIMIT 1   [ RunTime:0.0006s ]
SQL: SHOW COLUMNS FROM `icpnt_listenstory` [ RunTime:0.0010s ]
SQL: SELECT COUNT(*) AS tp_count FROM `icpnt_listenstory` WHERE `salbum_id` = 11 LIMIT 1   [ RunTime:0.0006s ]
SQL: SHOW COLUMNS FROM `icpnt_listenstory` [ RunTime:0.0010s ]
SQL: SELECT COUNT(*) AS tp_count FROM `icpnt_listenstory` WHERE `salbum_id` = 12 LIMIT 1   [ RunTime:0.0006s ]
SQL: SHOW COLUMNS FROM `icpnt_listenstory` [ RunTime:0.0010s ]
SQL: SELECT COUNT(*) AS tp_count FROM `icpnt_listenstory` WHERE `salbum_id` = 13 LIMIT 1   [ RunTime:0.0005s ]
SQL: SHOW COLUMNS FROM `icpnt_listenstory` [ RunTime:0.0009s ]
SQL: SELECT COUNT(*) AS tp_count FROM `icpnt_listenstory` WHERE `salbum_id` = 16 LIMIT 1   [ RunTime:0.0004s ]

[ 2019-03-13T17:53:51+08:00 ] 127.0.0.1 /api/Salbum/getPageSalbum
INFO: [ app_init ] --START--
INFO: Run Behavior\BuildLiteBehavior [ RunTime:0.000050s ]
INFO: [ app_init ] --END-- [ RunTime:0.000316s ]
INFO: [ app_begin ] --START--
INFO: Run Behavior\ReadHtmlCacheBehavior [ RunTime:0.000109s ]
INFO: [ app_begin ] --END-- [ RunTime:0.000304s ]
SQL: SHOW COLUMNS FROM `icpnt_salbum` [ RunTime:0.0008s ]
SQL: SELECT `id`,`salbum_headimg`,`salbum_name`,`salbum_type` FROM `icpnt_salbum` WHERE `salbum_type` = 0  [ RunTime:0.0004s ]
SQL: SHOW COLUMNS FROM `icpnt_listenstory` [ RunTime:0.0007s ]
SQL: SELECT COUNT(*) AS tp_count FROM `icpnt_listenstory` WHERE `salbum_id` = 10 LIMIT 1   [ RunTime:0.0004s ]
SQL: SHOW COLUMNS FROM `icpnt_listenstory` [ RunTime:0.0007s ]
SQL: SELECT COUNT(*) AS tp_count FROM `icpnt_listenstory` WHERE `salbum_id` = 11 LIMIT 1   [ RunTime:0.0004s ]
SQL: SHOW COLUMNS FROM `icpnt_listenstory` [ RunTime:0.0007s ]
SQL: SELECT COUNT(*) AS tp_count FROM `icpnt_listenstory` WHERE `salbum_id` = 12 LIMIT 1   [ RunTime:0.0004s ]
SQL: SHOW COLUMNS FROM `icpnt_listenstory` [ RunTime:0.0007s ]
SQL: SELECT COUNT(*) AS tp_count FROM `icpnt_listenstory` WHERE `salbum_id` = 13 LIMIT 1   [ RunTime:0.0004s ]
SQL: SHOW COLUMNS FROM `icpnt_listenstory` [ RunTime:0.0007s ]
SQL: SELECT COUNT(*) AS tp_count FROM `icpnt_listenstory` WHERE `salbum_id` = 16 LIMIT 1   [ RunTime:0.0004s ]

